[0m
[0m [0m [0m [0m [0m [0m [0m [0m [0m [0m [0m [0m [0m [0m [0m [0m [0m [0m [0m [0m [0m [0m [0m [0m [0m [0m [0m [0m [0m [0m [0m [0m [0m [0m [0m [0m [0m [0m [0m [0m [0m [0m [0m [0m [0m [0m [0m [0m [0m [0m [0m [0m [0m [0m [0m [0m [0m [0m [0m [48;5;255m [48;5;255m [0m [0m [0m [0m [0m [0m [0m [0m [0m [0m [0m [0m
[0m [0m [0m [0m [0m [0m [0m [0m [0m [0m [0m [0m [0m [0m [0m [0m [0m [0m [0m [0m [0m [0m [0m [0m [0m [0m [0m [0m [0m [0m [0m [0m [0m [0m [0m [0m [0m [0m [0m [0m [0m [0m [0m [0m [0m [0m [0m [0m [0m [0m [0m [0m [0m [0m [0m [0m [0m [0m [0m [48;5;255m [48;5;255m [0m [0m [0m [0m [0m [0m [0m [0m [0m [0m [0m [0m
[0m [0m [0m [0m [0m [0m [0m [0m [0m [0m [0m [0m [0m [0m [0m [0m [0m [0m [0m [0m [0m [0m [0m [0m [0m [0m [0m [0m [0m [0m [0m [0m [0m [0m [0m [0m [0m [0m [0m [0m [0m [0m [0m [0m [0m [0m [0m [0m [0m [0m [0m [0m [0m [0m [0m [0m [0m [0m [0m [48;5;255m [48;5;255m [0m [0m [0m [0m [0m [0m [0m [0m [0m [0m [0m [0m
[48;5;255m [48;5;255m [48;5;255m [48;5;255m [48;5;255m [48;5;255m [48;5;255m [0m [0m [48;5;255m [48;5;255m [48;5;255m [48;5;255m [48;5;255m [48;5;255m [48;5;255m [48;5;255m [0m [0m [48;5;255m [48;5;255m [48;5;255m [48;5;255m [48;5;255m [48;5;255m [48;5;255m [48;5;255m [48;5;255m [48;5;255m [48;5;255m [48;5;255m [0m [0m [48;5;255m [48;5;255m [48;5;255m [48;5;255m [48;5;255m [48;5;255m [48;5;255m [48;5;255m [0m [0m [48;5;255m [48;5;255m [48;5;255m [48;5;255m [48;5;255m [48;5;255m [48;5;255m [48;5;255m [0m [0m [48;5;255m [48;5;255m [48;5;255m [48;5;255m [48;5;255m [48;5;255m [48;5;255m [48;5;255m [0m [0m [48;5;255m [48;5;255m [48;5;255m [48;5;255m [48;5;255m [48;5;255m [48;5;255m [48;5;255m [0m [0m [48;5;255m [48;5;255m [48;5;255m [48;5;255m [48;5;255m [48;5;255m [48;5;255m [48;5;255m [0m
[48;5;255m [48;5;255m [0m [0m [0m [0m [0m [0m [0m [48;5;255m [48;5;255m [0m [0m [0m [0m [48;5;255m [48;5;255m [0m [0m [48;5;255m [48;5;255m [0m [0m [0m [48;5;255m [48;5;255m [0m [0m [0m [48;5;255m [48;5;255m [0m [0m [48;5;255m [48;5;255m [0m [0m [0m [0m [48;5;255m [48;5;255m [0m [0m [48;5;255m [48;5;255m [0m [0m [0m [0m [48;5;255m [48;5;255m [0m [0m [48;5;255m [48;5;255m [0m [0m [0m [0m [48;5;255m [48;5;255m [0m [0m [48;5;255m [48;5;255m [0m [0m [0m [0m [48;5;255m [48;5;255m [0m [0m [48;5;255m [48;5;255m [0m
[48;5;255m [48;5;255m [0m [0m [0m [0m [0m [0m [0m [48;5;255m [48;5;255m [0m [0m [0m [0m [48;5;255m [48;5;255m [0m [0m [48;5;255m [48;5;255m [0m [0m [0m [48;5;255m [48;5;255m [0m [0m [0m [48;5;255m [48;5;255m [0m [0m [48;5;255m [48;5;255m [0m [0m [0m [0m [48;5;255m [48;5;255m [0m [0m [48;5;255m [48;5;255m [0m [0m [0m [0m [48;5;255m [48;5;255m [0m [0m [48;5;255m [48;5;255m [0m [0m [0m [0m [48;5;255m [48;5;255m [0m [0m [48;5;255m [48;5;255m [0m [0m [0m [0m [48;5;255m [48;5;255m [0m [0m [48;5;255m [48;5;255m [0m
[48;5;255m [48;5;255m [0m [0m [0m [0m [0m [0m [0m [48;5;255m [48;5;255m [0m [0m [0m [0m [48;5;255m [48;5;255m [0m [0m [48;5;255m [48;5;255m [0m [0m [0m [48;5;255m [48;5;255m [0m [0m [0m [48;5;255m [48;5;255m [0m [0m [48;5;255m [48;5;255m [0m [0m [0m [0m [48;5;255m [48;5;255m [0m [0m [48;5;255m [48;5;255m [0m [0m [0m [0m [48;5;255m [48;5;255m [0m [0m [48;5;255m [48;5;255m [0m [0m [0m [0m [48;5;255m [48;5;255m [0m [0m [48;5;255m [48;5;255m [0m [0m [0m [0m [48;5;255m [48;5;255m [0m [0m [48;5;255m [48;5;255m [0m
[48;5;255m [48;5;255m [48;5;255m [48;5;255m [48;5;255m [48;5;255m [48;5;255m [0m [0m [48;5;255m [48;5;255m [48;5;255m [48;5;255m [48;5;255m [48;5;255m [48;5;255m [48;5;255m [0m [0m [48;5;255m [48;5;255m [0m [0m [0m [48;5;255m [48;5;255m [0m [0m [0m [48;5;255m [48;5;255m [0m [0m [48;5;255m [48;5;255m [48;5;255m [48;5;255m [48;5;255m [48;5;255m [48;5;255m [48;5;255m [0m [0m [48;5;255m [48;5;255m [48;5;255m [48;5;255m [48;5;255m [48;5;255m [48;5;255m [48;5;255m [0m [0m [48;5;255m [48;5;255m [48;5;255m [48;5;255m [48;5;255m [48;5;255m [48;5;255m [48;5;255m [0m [0m [48;5;255m [48;5;255m [48;5;255m [48;5;255m [48;5;255m [48;5;255m [48;5;255m [48;5;255m [0m [0m [48;5;255m [48;5;255m [48;5;255m [48;5;255m [48;5;255m [48;5;255m [48;5;255m [48;5;255m [0m
[0m [0m [0m [0m [0m [0m [0m [0m [0m [0m [0m [0m [0m [0m [0m [0m [0m [0m [0m [0m [0m [0m [0m [0m [0m [0m [0m [0m [0m [0m [0m [0m [0m [48;5;255m [48;5;255m [0m [0m [0m [0m [0m [0m [0m [0m [0m [0m [0m [0m
[0m [0m [0m [0m [0m [0m [0m [0m [0m [0m [0m [0m [0m [0m [0m [0m [0m [0m [0m [0m [0m [0m [0m [0m [0m [0m [0m [0m [0m [0m [0m [0m [0m [48;5;255m [48;5;255m [0m [0m [0m [0m [0m [0m [0m [0m [0m [0m [0m [0m
[0m [0m [0m [0m [0m [0m [0m [0m [0m [0m [0m [0m [0m [0m [0m [0m [0m [0m [0m [0m [0m [0m [0m [0m [0m [0m [0m [0m [0m [0m [0m [0m [0m [48;5;255m [48;5;255m [0m [0m [0m [0m [0m [0m [0m [0m [0m [0m [0m [0m

1.1.19

TypeScript version used by Compodoc : 4.5.5

TypeScript version of current project : 4.6.2

Node.js version : v16.14.2

Operating system : Windows 10

[23:52:52] No configuration file found, switching to CLI flags.
[23:52:52] Using tsconfig file : C:\Users\tmfene\Desktop\Storybook\sbsastorybook\tsconfig.json
[23:52:52] Including      : C:\Users\tmfene\Desktop\Storybook\sbsastorybook\.browserslistrc
[23:52:52] Including      : C:\Users\tmfene\Desktop\Storybook\sbsastorybook\.editorconfig
[23:52:52] Including      : C:\Users\tmfene\Desktop\Storybook\sbsastorybook\.gitignore
[23:52:52] Including      : C:\Users\tmfene\Desktop\Storybook\sbsastorybook\angular.json
[23:52:52] Including      : C:\Users\tmfene\Desktop\Storybook\sbsastorybook\build-storybook.log
[23:52:52] Including      : C:\Users\tmfene\Desktop\Storybook\sbsastorybook\documentation.json
[23:52:52] Including      : C:\Users\tmfene\Desktop\Storybook\sbsastorybook\karma.conf.js
[23:52:52] Including      : C:\Users\tmfene\Desktop\Storybook\sbsastorybook\package-lock.json
[23:52:52] Including      : C:\Users\tmfene\Desktop\Storybook\sbsastorybook\package.json
[23:52:52] Including      : C:\Users\tmfene\Desktop\Storybook\sbsastorybook\README.md
[23:52:52] Including      : C:\Users\tmfene\Desktop\Storybook\sbsastorybook\tsconfig.app.json
[23:52:52] Including      : C:\Users\tmfene\Desktop\Storybook\sbsastorybook\tsconfig.json
[23:52:52] Including      : C:\Users\tmfene\Desktop\Storybook\sbsastorybook\tsconfig.spec.json
[23:52:52] Including      : C:\Users\tmfene\Desktop\Storybook\sbsastorybook\.storybook\main.js
[23:52:52] Including      : C:\Users\tmfene\Desktop\Storybook\sbsastorybook\.storybook\preview.js
[23:52:52] Ignoring       : C:\Users\tmfene\Desktop\Storybook\sbsastorybook\.storybook\typings.d.ts
[23:52:52] Including      : C:\Users\tmfene\Desktop\Storybook\sbsastorybook\.storybook\tsconfig.json
[23:52:52] Including      : C:\Users\tmfene\Desktop\Storybook\sbsastorybook\.vscode\extensions.json
[23:52:52] Including      : C:\Users\tmfene\Desktop\Storybook\sbsastorybook\.vscode\launch.json
[23:52:52] Including      : C:\Users\tmfene\Desktop\Storybook\sbsastorybook\.vscode\tasks.json
[23:52:52] Including      : C:\Users\tmfene\Desktop\Storybook\sbsastorybook\src\favicon.ico
[23:52:52] Including      : C:\Users\tmfene\Desktop\Storybook\sbsastorybook\src\index.html
[23:52:52] Including      : C:\Users\tmfene\Desktop\Storybook\sbsastorybook\src\main.ts
[23:52:53] Including      : C:\Users\tmfene\Desktop\Storybook\sbsastorybook\src\polyfills.ts
[23:52:53] Including      : C:\Users\tmfene\Desktop\Storybook\sbsastorybook\src\styles.css
[23:52:53] Including      : C:\Users\tmfene\Desktop\Storybook\sbsastorybook\src\test.ts
[23:52:53] Including      : C:\Users\tmfene\Desktop\Storybook\sbsastorybook\src\environments\environment.ts
[23:52:53] Including      : C:\Users\tmfene\Desktop\Storybook\sbsastorybook\src\environments\environment.prod.ts
[23:52:53] Including      : C:\Users\tmfene\Desktop\Storybook\sbsastorybook\src\assets\.gitkeep
[23:52:53] Including      : C:\Users\tmfene\Desktop\Storybook\sbsastorybook\src\app\app.component.html
[23:52:53] Including      : C:\Users\tmfene\Desktop\Storybook\sbsastorybook\src\app\app.component.ts
[23:52:53] Including      : C:\Users\tmfene\Desktop\Storybook\sbsastorybook\src\app\app.component.css
[23:52:53] Including      : C:\Users\tmfene\Desktop\Storybook\sbsastorybook\src\app\app.module.ts
[23:52:53] Ignoring       : C:\Users\tmfene\Desktop\Storybook\sbsastorybook\src\app\app.component.spec.ts
[23:52:53] Including      : C:\Users\tmfene\Desktop\Storybook\sbsastorybook\src\stories\button.component.ts
[23:52:53] Including      : C:\Users\tmfene\Desktop\Storybook\sbsastorybook\src\stories\button.css
[23:52:53] Including      : C:\Users\tmfene\Desktop\Storybook\sbsastorybook\src\stories\header.component.ts
[23:52:53] Including      : C:\Users\tmfene\Desktop\Storybook\sbsastorybook\src\stories\header.css
[23:52:53] Including      : C:\Users\tmfene\Desktop\Storybook\sbsastorybook\src\stories\Button.stories.ts
[23:52:53] Including      : C:\Users\tmfene\Desktop\Storybook\sbsastorybook\src\stories\Header.stories.ts
[23:52:53] Including      : C:\Users\tmfene\Desktop\Storybook\sbsastorybook\src\stories\Introduction.stories.mdx
[23:52:53] Including      : C:\Users\tmfene\Desktop\Storybook\sbsastorybook\src\stories\page.component.ts
[23:52:53] Including      : C:\Users\tmfene\Desktop\Storybook\sbsastorybook\src\stories\Page.stories.ts
[23:52:53] Including      : C:\Users\tmfene\Desktop\Storybook\sbsastorybook\src\stories\User.ts
[23:52:53] Including      : C:\Users\tmfene\Desktop\Storybook\sbsastorybook\src\stories\page.css
[23:52:53] Including      : C:\Users\tmfene\Desktop\Storybook\sbsastorybook\src\stories\assets\code-brackets.svg
[23:52:53] Including      : C:\Users\tmfene\Desktop\Storybook\sbsastorybook\src\stories\assets\colors.svg
[23:52:53] Including      : C:\Users\tmfene\Desktop\Storybook\sbsastorybook\src\stories\assets\comments.svg
[23:52:53] Including      : C:\Users\tmfene\Desktop\Storybook\sbsastorybook\src\stories\assets\direction.svg
[23:52:53] Including      : C:\Users\tmfene\Desktop\Storybook\sbsastorybook\src\stories\assets\repo.svg
[23:52:53] Including      : C:\Users\tmfene\Desktop\Storybook\sbsastorybook\src\stories\assets\flow.svg
[23:52:53] Including      : C:\Users\tmfene\Desktop\Storybook\sbsastorybook\src\stories\assets\plugin.svg
[23:52:53] Including      : C:\Users\tmfene\Desktop\Storybook\sbsastorybook\src\stories\assets\stackalt.svg
[23:52:53] Including      : C:\Users\tmfene\Desktop\Storybook\sbsastorybook\.angular\cache\13.3.0\babel-webpack\00feff3bf542622560ac4d6d7d5a319f.json
[23:52:53] Including      : C:\Users\tmfene\Desktop\Storybook\sbsastorybook\.angular\cache\13.3.0\babel-webpack\0663251c64e2d00295119dc50bfac490.json
[23:52:53] Including      : C:\Users\tmfene\Desktop\Storybook\sbsastorybook\.angular\cache\13.3.0\babel-webpack\0adc8ac488572e29b497f3dc3e589ddd.json
[23:52:53] Including      : C:\Users\tmfene\Desktop\Storybook\sbsastorybook\.angular\cache\13.3.0\babel-webpack\0b0b4762793fd6d53579e5a588101620.json
[23:52:53] Including      : C:\Users\tmfene\Desktop\Storybook\sbsastorybook\.angular\cache\13.3.0\babel-webpack\0a3e40c30256edc527bae43afaab925d.json
[23:52:53] Including      : C:\Users\tmfene\Desktop\Storybook\sbsastorybook\.angular\cache\13.3.0\babel-webpack\1e75c482381bd19faa58682f9154b7fe.json
[23:52:53] Including      : C:\Users\tmfene\Desktop\Storybook\sbsastorybook\.angular\cache\13.3.0\babel-webpack\205abff1e3960d90382ba3dac956fa4b.json
[23:52:53] Including      : C:\Users\tmfene\Desktop\Storybook\sbsastorybook\.angular\cache\13.3.0\babel-webpack\2312823e8d61a9efe7fd10bba83bacc5.json
[23:52:53] Including      : C:\Users\tmfene\Desktop\Storybook\sbsastorybook\.angular\cache\13.3.0\babel-webpack\11404cccddb56ef0af1e39a7f0b5bd15.json
[23:52:53] Including      : C:\Users\tmfene\Desktop\Storybook\sbsastorybook\.angular\cache\13.3.0\babel-webpack\25918e2aa44100c778ea26b8e94ffe40.json
[23:52:53] Including      : C:\Users\tmfene\Desktop\Storybook\sbsastorybook\.angular\cache\13.3.0\babel-webpack\28289f332f38600d0b9f156ef08d06e8.json
[23:52:53] Including      : C:\Users\tmfene\Desktop\Storybook\sbsastorybook\.angular\cache\13.3.0\babel-webpack\2cf78d5fb5966f04b379b086b9eac9eb.json
[23:52:53] Including      : C:\Users\tmfene\Desktop\Storybook\sbsastorybook\.angular\cache\13.3.0\babel-webpack\2deb70ab789cc45ba63751b47d20f6e6.json
[23:52:53] Including      : C:\Users\tmfene\Desktop\Storybook\sbsastorybook\.angular\cache\13.3.0\babel-webpack\32cbbeb1ca6102c242372246f34a3126.json
[23:52:53] Including      : C:\Users\tmfene\Desktop\Storybook\sbsastorybook\.angular\cache\13.3.0\babel-webpack\340227f6a0b407b6f6bf6efcc834c875.json
[23:52:53] Including      : C:\Users\tmfene\Desktop\Storybook\sbsastorybook\.angular\cache\13.3.0\babel-webpack\366341750cba3bc47924e13f552da930.json
[23:52:53] Including      : C:\Users\tmfene\Desktop\Storybook\sbsastorybook\.angular\cache\13.3.0\babel-webpack\43c70f9d0a7b8131cdec847bfb4e4a2b.json
[23:52:53] Including      : C:\Users\tmfene\Desktop\Storybook\sbsastorybook\.angular\cache\13.3.0\babel-webpack\46bd22411a5409b706c142f65eddb58d.json
[23:52:53] Including      : C:\Users\tmfene\Desktop\Storybook\sbsastorybook\.angular\cache\13.3.0\babel-webpack\4375e21c258e940e2cbea24493600a23.json
[23:52:53] Including      : C:\Users\tmfene\Desktop\Storybook\sbsastorybook\.angular\cache\13.3.0\babel-webpack\44454e739c7cb2439e1d137b238a5816.json
[23:52:53] Including      : C:\Users\tmfene\Desktop\Storybook\sbsastorybook\.angular\cache\13.3.0\babel-webpack\470d4aec0668cf8a6e6fc2b5a9d026be.json
[23:52:53] Including      : C:\Users\tmfene\Desktop\Storybook\sbsastorybook\.angular\cache\13.3.0\babel-webpack\4a8d41840fd5a7effbb23d6a8eef7ea1.json
[23:52:53] Including      : C:\Users\tmfene\Desktop\Storybook\sbsastorybook\.angular\cache\13.3.0\babel-webpack\4e3a28661bec00bc7d857e5de24dc9ed.json
[23:52:53] Including      : C:\Users\tmfene\Desktop\Storybook\sbsastorybook\.angular\cache\13.3.0\babel-webpack\4d281872cd853b332a69650ffea3486c.json
[23:52:53] Including      : C:\Users\tmfene\Desktop\Storybook\sbsastorybook\.angular\cache\13.3.0\babel-webpack\528eb921e39e42c5e9c2bdde6f056e1e.json
[23:52:53] Including      : C:\Users\tmfene\Desktop\Storybook\sbsastorybook\.angular\cache\13.3.0\babel-webpack\5b29121a1b3f9ea1eb95219297986788.json
[23:52:53] Including      : C:\Users\tmfene\Desktop\Storybook\sbsastorybook\.angular\cache\13.3.0\babel-webpack\65898d002735d2176f9a38ec1e8af2ce.json
[23:52:53] Including      : C:\Users\tmfene\Desktop\Storybook\sbsastorybook\.angular\cache\13.3.0\babel-webpack\65af19560e40c9639dcd1f6f1f7e4d8c.json
[23:52:53] Including      : C:\Users\tmfene\Desktop\Storybook\sbsastorybook\.angular\cache\13.3.0\babel-webpack\67a43d6eb6b8a4cfcf4af9bcbb64aea9.json
[23:52:53] Including      : C:\Users\tmfene\Desktop\Storybook\sbsastorybook\.angular\cache\13.3.0\babel-webpack\6bd43579d3f64b384b28b9a234b1785b.json
[23:52:53] Including      : C:\Users\tmfene\Desktop\Storybook\sbsastorybook\.angular\cache\13.3.0\babel-webpack\6a2f6bb4630d627daf527944310b5257.json
[23:52:53] Including      : C:\Users\tmfene\Desktop\Storybook\sbsastorybook\.angular\cache\13.3.0\babel-webpack\69eaa14797dae5fe149ad511c5b4ca6e.json
[23:52:53] Including      : C:\Users\tmfene\Desktop\Storybook\sbsastorybook\.angular\cache\13.3.0\babel-webpack\6e1ef4c5793399ff87caba0f8e1d9a37.json
[23:52:53] Including      : C:\Users\tmfene\Desktop\Storybook\sbsastorybook\.angular\cache\13.3.0\babel-webpack\71e826fc6b6eb280ebf18622767d1eff.json
[23:52:53] Including      : C:\Users\tmfene\Desktop\Storybook\sbsastorybook\.angular\cache\13.3.0\babel-webpack\724312be3bca29305fc4d1b59aa6b65e.json
[23:52:53] Including      : C:\Users\tmfene\Desktop\Storybook\sbsastorybook\.angular\cache\13.3.0\babel-webpack\722cde8dd8c013fc2e1823f483be1f44.json
[23:52:53] Including      : C:\Users\tmfene\Desktop\Storybook\sbsastorybook\.angular\cache\13.3.0\babel-webpack\72d38b0429df81155c3d55b84b0fb10c.json
[23:52:53] Including      : C:\Users\tmfene\Desktop\Storybook\sbsastorybook\.angular\cache\13.3.0\babel-webpack\74879048ec10bcd1867c623164a24cdb.json
[23:52:53] Including      : C:\Users\tmfene\Desktop\Storybook\sbsastorybook\.angular\cache\13.3.0\babel-webpack\74a0b7d71f6c4faa5fa6cc588a6d5a75.json
[23:52:53] Including      : C:\Users\tmfene\Desktop\Storybook\sbsastorybook\.angular\cache\13.3.0\babel-webpack\74a9a9b87fdeac9160cb3fd852592b0e.json
[23:52:53] Including      : C:\Users\tmfene\Desktop\Storybook\sbsastorybook\.angular\cache\13.3.0\babel-webpack\7ce153873591530db6c2a30798969eab.json
[23:52:53] Including      : C:\Users\tmfene\Desktop\Storybook\sbsastorybook\.angular\cache\13.3.0\babel-webpack\7d7b7a8881ac59c3c228360351a649d0.json
[23:52:53] Including      : C:\Users\tmfene\Desktop\Storybook\sbsastorybook\.angular\cache\13.3.0\babel-webpack\7fdeefbafe8169e74dd83f993d18e2ee.json
[23:52:53] Including      : C:\Users\tmfene\Desktop\Storybook\sbsastorybook\.angular\cache\13.3.0\babel-webpack\78585446349cc07fc23d3fb753f37591.json
[23:52:53] Including      : C:\Users\tmfene\Desktop\Storybook\sbsastorybook\.angular\cache\13.3.0\babel-webpack\811858534e5af07ffe3949e39562e54d.json
[23:52:53] Including      : C:\Users\tmfene\Desktop\Storybook\sbsastorybook\.angular\cache\13.3.0\babel-webpack\843089cf5fceb0153477d9efd7cefe2c.json
[23:52:53] Including      : C:\Users\tmfene\Desktop\Storybook\sbsastorybook\.angular\cache\13.3.0\babel-webpack\8628261a1ca2bebf1cd7b1bd32458b86.json
[23:52:53] Including      : C:\Users\tmfene\Desktop\Storybook\sbsastorybook\.angular\cache\13.3.0\babel-webpack\87b7ad90537be397e64f1c564514e78a.json
[23:52:53] Including      : C:\Users\tmfene\Desktop\Storybook\sbsastorybook\.angular\cache\13.3.0\babel-webpack\873e907e0c12062dd2e818db642aa2a7.json
[23:52:53] Including      : C:\Users\tmfene\Desktop\Storybook\sbsastorybook\.angular\cache\13.3.0\babel-webpack\8c050c960abb549aa080e08611b48af8.json
[23:52:53] Including      : C:\Users\tmfene\Desktop\Storybook\sbsastorybook\.angular\cache\13.3.0\babel-webpack\8aca303c1b384ffceca01a996355e49d.json
[23:52:53] Including      : C:\Users\tmfene\Desktop\Storybook\sbsastorybook\.angular\cache\13.3.0\babel-webpack\8c1e38b552ec98b73fe0d8bc1987d5fb.json
[23:52:53] Including      : C:\Users\tmfene\Desktop\Storybook\sbsastorybook\.angular\cache\13.3.0\babel-webpack\8e5069bbd1a36493ad0fcb2c5d749813.json
[23:52:53] Including      : C:\Users\tmfene\Desktop\Storybook\sbsastorybook\.angular\cache\13.3.0\babel-webpack\8d4d600ab0e7cb73145c99e4208cf640.json
[23:52:53] Including      : C:\Users\tmfene\Desktop\Storybook\sbsastorybook\.angular\cache\13.3.0\babel-webpack\922729b6145a6e29632867a25a3efa2f.json
[23:52:53] Including      : C:\Users\tmfene\Desktop\Storybook\sbsastorybook\.angular\cache\13.3.0\babel-webpack\8f06e6cd93894909b6500615f36b2785.json
[23:52:53] Including      : C:\Users\tmfene\Desktop\Storybook\sbsastorybook\.angular\cache\13.3.0\babel-webpack\95cc422ba7c0616d7754b8430c171b95.json
[23:52:53] Including      : C:\Users\tmfene\Desktop\Storybook\sbsastorybook\.angular\cache\13.3.0\babel-webpack\96ced893bfb957f6c8b7debd08e133a1.json
[23:52:53] Including      : C:\Users\tmfene\Desktop\Storybook\sbsastorybook\.angular\cache\13.3.0\babel-webpack\971d94c2a56c3f0505e13f47c8ba989f.json
[23:52:53] Including      : C:\Users\tmfene\Desktop\Storybook\sbsastorybook\.angular\cache\13.3.0\babel-webpack\9e2b136568c80d52a6fb21f543a8dd5b.json
[23:52:53] Including      : C:\Users\tmfene\Desktop\Storybook\sbsastorybook\.angular\cache\13.3.0\babel-webpack\9a824fb182159fc356da236409271bb8.json
[23:52:53] Including      : C:\Users\tmfene\Desktop\Storybook\sbsastorybook\.angular\cache\13.3.0\babel-webpack\a221f4ff18de33f81de80ab31d1ab309.json
[23:52:53] Including      : C:\Users\tmfene\Desktop\Storybook\sbsastorybook\.angular\cache\13.3.0\babel-webpack\a5e157b629be773a56e1b32da8276d10.json
[23:52:53] Including      : C:\Users\tmfene\Desktop\Storybook\sbsastorybook\.angular\cache\13.3.0\babel-webpack\a074014bcfa60ad5051546fbb15b0629.json
[23:52:53] Including      : C:\Users\tmfene\Desktop\Storybook\sbsastorybook\.angular\cache\13.3.0\babel-webpack\aa209862fa41cd791d4b80d68e0cf597.json
[23:52:53] Including      : C:\Users\tmfene\Desktop\Storybook\sbsastorybook\.angular\cache\13.3.0\babel-webpack\b4fef52ccf80b3dc8646398b5ba9dab8.json
[23:52:53] Including      : C:\Users\tmfene\Desktop\Storybook\sbsastorybook\.angular\cache\13.3.0\babel-webpack\ab93d0ce8202735092b7cf98b7ce1e89.json
[23:52:53] Including      : C:\Users\tmfene\Desktop\Storybook\sbsastorybook\.angular\cache\13.3.0\babel-webpack\b5b82ef703c845188a0512cbd467c56e.json
[23:52:53] Including      : C:\Users\tmfene\Desktop\Storybook\sbsastorybook\.angular\cache\13.3.0\babel-webpack\b7c4a95d5328dc242b22431938fc6a96.json
[23:52:53] Including      : C:\Users\tmfene\Desktop\Storybook\sbsastorybook\.angular\cache\13.3.0\babel-webpack\b9878420ef04633ec27fc19d8ffe2483.json
[23:52:53] Including      : C:\Users\tmfene\Desktop\Storybook\sbsastorybook\.angular\cache\13.3.0\babel-webpack\ba3316afa637a7a962e0971c4d7f2cb1.json
[23:52:53] Including      : C:\Users\tmfene\Desktop\Storybook\sbsastorybook\.angular\cache\13.3.0\babel-webpack\bcc8b158f80d3439c767c911595fa8f6.json
[23:52:53] Including      : C:\Users\tmfene\Desktop\Storybook\sbsastorybook\.angular\cache\13.3.0\babel-webpack\ba438591df6cfc7f2224d3925d13e416.json
[23:52:53] Including      : C:\Users\tmfene\Desktop\Storybook\sbsastorybook\.angular\cache\13.3.0\babel-webpack\bd65225daf0bb49b219a395270b8ec5d.json
[23:52:53] Including      : C:\Users\tmfene\Desktop\Storybook\sbsastorybook\.angular\cache\13.3.0\babel-webpack\c212be5b75d9209a76c4117d6a2975c7.json
[23:52:53] Including      : C:\Users\tmfene\Desktop\Storybook\sbsastorybook\.angular\cache\13.3.0\babel-webpack\cc09d6fa3406b5164a4aa689cbf4c92c.json
[23:52:53] Including      : C:\Users\tmfene\Desktop\Storybook\sbsastorybook\.angular\cache\13.3.0\babel-webpack\c93d47f257dc6ee101e14de07ea02d90.json
[23:52:53] Including      : C:\Users\tmfene\Desktop\Storybook\sbsastorybook\.angular\cache\13.3.0\babel-webpack\cc0e6fa756e32565c1d8a6ab824fbb90.json
[23:52:53] Including      : C:\Users\tmfene\Desktop\Storybook\sbsastorybook\.angular\cache\13.3.0\babel-webpack\c3a1296fe3176b13c44e3cda929f4393.json
[23:52:53] Including      : C:\Users\tmfene\Desktop\Storybook\sbsastorybook\.angular\cache\13.3.0\babel-webpack\ccc3eca6fc01ff0b83ce301bac4a9f95.json
[23:52:53] Including      : C:\Users\tmfene\Desktop\Storybook\sbsastorybook\.angular\cache\13.3.0\babel-webpack\ccfa26164120c4833743dde8db3610d4.json
[23:52:53] Including      : C:\Users\tmfene\Desktop\Storybook\sbsastorybook\.angular\cache\13.3.0\babel-webpack\d395bb2ac606244ddfaa3f07f0f7786a.json
[23:52:53] Including      : C:\Users\tmfene\Desktop\Storybook\sbsastorybook\.angular\cache\13.3.0\babel-webpack\cec6128869db87289629ac6a4973fd2a.json
[23:52:53] Including      : C:\Users\tmfene\Desktop\Storybook\sbsastorybook\.angular\cache\13.3.0\babel-webpack\d283b0c30fd75fb55ecd8c4cafc5d807.json
[23:52:53] Including      : C:\Users\tmfene\Desktop\Storybook\sbsastorybook\.angular\cache\13.3.0\babel-webpack\d486c0e804862e0c090bcd2ae57d587a.json
[23:52:53] Including      : C:\Users\tmfene\Desktop\Storybook\sbsastorybook\.angular\cache\13.3.0\babel-webpack\d983e1914b4b9a3cbd2be125763a1d3f.json
[23:52:53] Including      : C:\Users\tmfene\Desktop\Storybook\sbsastorybook\.angular\cache\13.3.0\babel-webpack\dec97eaab4e5ad3073e02054eac459ef.json
[23:52:53] Including      : C:\Users\tmfene\Desktop\Storybook\sbsastorybook\.angular\cache\13.3.0\babel-webpack\e1d459b5e7d92e4e8133380941f41d68.json
[23:52:53] Including      : C:\Users\tmfene\Desktop\Storybook\sbsastorybook\.angular\cache\13.3.0\babel-webpack\e1ceab8a3ec3ac0050ba1011731d6a14.json
[23:52:53] Including      : C:\Users\tmfene\Desktop\Storybook\sbsastorybook\.angular\cache\13.3.0\babel-webpack\e354bfa922fc1f882c237074855fd78e.json
[23:52:53] Including      : C:\Users\tmfene\Desktop\Storybook\sbsastorybook\.angular\cache\13.3.0\babel-webpack\eba092d9254882dec7b04dd3e8adba02.json
[23:52:53] Including      : C:\Users\tmfene\Desktop\Storybook\sbsastorybook\.angular\cache\13.3.0\babel-webpack\f1a04ef62f8e149e7f9a0755d941fd53.json
[23:52:53] Including      : C:\Users\tmfene\Desktop\Storybook\sbsastorybook\.angular\cache\13.3.0\babel-webpack\e8cf159cff0fea0d25cc9c7abb82f993.json
[23:52:53] Including      : C:\Users\tmfene\Desktop\Storybook\sbsastorybook\.angular\cache\13.3.0\babel-webpack\edd1831d89683f3659dfcd2829745c26.json
[23:52:53] Including      : C:\Users\tmfene\Desktop\Storybook\sbsastorybook\.angular\cache\13.3.0\babel-webpack\f5ab3d48ddbb9364220be1aca0856f5f.json
[23:52:53] Including      : C:\Users\tmfene\Desktop\Storybook\sbsastorybook\.angular\cache\13.3.0\babel-webpack\f791121f43d97c2560954775b8f95e43.json
[23:52:53] Including      : C:\Users\tmfene\Desktop\Storybook\sbsastorybook\.angular\cache\13.3.0\babel-webpack\f847803401f3620b2df1f68eb564c14a.json
[23:52:53] Including      : C:\Users\tmfene\Desktop\Storybook\sbsastorybook\.angular\cache\13.3.0\angular-webpack\066771fc5e9b3af53ddc4d689092e2fc43fe3a1d\0.pack
[23:52:53] Including      : C:\Users\tmfene\Desktop\Storybook\sbsastorybook\.angular\cache\13.3.0\angular-webpack\066771fc5e9b3af53ddc4d689092e2fc43fe3a1d\index.pack
[23:52:53] Searching package.json file
[23:52:53] package.json file found
[23:52:53] Processing package.json dependencies
[23:52:53] Searching README.md, CHANGELOG.md, CONTRIBUTING.md, LICENSE.md, TODO.md files
[23:52:53] README.md file found
[23:52:53] Error during C:\Users\tmfene\Desktop\Storybook\sbsastorybook\CHANGELOG read
[23:52:53] Continuing without CHANGELOG.md file
[23:52:53] Error during C:\Users\tmfene\Desktop\Storybook\sbsastorybook\CONTRIBUTING read
[23:52:53] Continuing without CONTRIBUTING.md file
[23:52:53] Error during C:\Users\tmfene\Desktop\Storybook\sbsastorybook\LICENSE read
[23:52:53] Continuing without LICENSE.md file
[23:52:53] Error during C:\Users\tmfene\Desktop\Storybook\sbsastorybook\TODO read
[23:52:53] Continuing without TODO.md file
[23:52:53] Get dependencies data
[23:52:53] parsing        : C:/Users/tmfene/Desktop/Storybook/sbsastorybook/src/main.ts
[23:52:53] parsing        : C:/Users/tmfene/Desktop/Storybook/sbsastorybook/src/polyfills.ts
[23:52:53] parsing        : C:/Users/tmfene/Desktop/Storybook/sbsastorybook/src/test.ts
[23:52:53] found          : require
[23:52:53] found          : context
[23:52:53] parsing        : C:/Users/tmfene/Desktop/Storybook/sbsastorybook/src/environments/environment.ts
[23:52:53] found          : environment
[23:52:53] parsing        : C:/Users/tmfene/Desktop/Storybook/sbsastorybook/src/environments/environment.prod.ts
[23:52:53] found          : environment
[23:52:53] parsing        : C:/Users/tmfene/Desktop/Storybook/sbsastorybook/src/app/app.component.ts
[23:52:53] found          : AppComponent
[23:52:53] parsing        : C:/Users/tmfene/Desktop/Storybook/sbsastorybook/src/app/app.module.ts
[23:52:53] found          : AppModule
[23:52:53]                : - imports:
[23:52:53]                : 	- BrowserModule
[23:52:53]                : - declarations:
[23:52:53]                : 	- AppComponent
[23:52:53]                : - bootstrap:
[23:52:53]                : 	- AppComponent
[23:52:53] parsing        : C:/Users/tmfene/Desktop/Storybook/sbsastorybook/src/stories/button.component.ts
[23:52:53] found          : ButtonComponent
[23:52:53] parsing        : C:/Users/tmfene/Desktop/Storybook/sbsastorybook/src/stories/header.component.ts
[23:52:53] found          : HeaderComponent
[23:52:53] parsing        : C:/Users/tmfene/Desktop/Storybook/sbsastorybook/src/stories/Button.stories.ts
[23:52:53] found          : Template
[23:52:53] found          : Primary
[23:52:53] found          : Secondary
[23:52:53] found          : Large
[23:52:53] found          : Small
[23:52:53] parsing        : C:/Users/tmfene/Desktop/Storybook/sbsastorybook/src/stories/Header.stories.ts
[23:52:53] found          : Template
[23:52:53] found          : LoggedIn
[23:52:53] found          : LoggedOut
[23:52:53] parsing        : C:/Users/tmfene/Desktop/Storybook/sbsastorybook/src/stories/page.component.ts
[23:52:53] found          : PageComponent
[23:52:53] parsing        : C:/Users/tmfene/Desktop/Storybook/sbsastorybook/src/stories/Page.stories.ts
[23:52:53] found          : Template
[23:52:53] found          : LoggedOut
[23:52:53] found          : LoggedIn
[23:52:53] parsing        : C:/Users/tmfene/Desktop/Storybook/sbsastorybook/src/stories/User.ts
[23:52:53] found          : User
[23:52:53] -------------------
[23:52:53] Project statistics 
[23:52:53] - files      : 150
[23:52:53] - module     : 1
[23:52:53] - component  : 4
[23:52:53] - interface  : 1
[23:52:53] -------------------
[23:52:53] Prepare components
[23:52:53]  AppComponent has a templateUrl, include it
[23:52:53]  AppComponent has styleUrls, include them
[23:52:53]  ButtonComponent has styleUrls, include them
[23:52:53]  HeaderComponent has styleUrls, include them
[23:52:53]  PageComponent has styleUrls, include them
[23:52:53] Prepare modules
[23:52:53] Prepare interfaces
[23:52:53] Prepare miscellaneous
[23:52:53] Process documentation coverage report
[23:52:53] Generating documentation in export format json
[23:52:53] Documentation generated in ./ in 0.388 seconds
info @storybook/angular v6.4.19
info 
info => Cleaning outputDir: C:\\Users\\tmfene\\AppData\\Local\\Temp\\chromatic--17812-374mcHLZ5nF8
info => Loading presets
info => Compiling manager..
info => Compiling preview..
info => Using implicit CSS loaders
info => Loading angular-cli config for angular >= 13.0.0
info => Using angular project with "tsConfig:C:\Users\tmfene\Desktop\Storybook\sbsastorybook\.storybook\tsconfig.json"
WARN Your Storybook startup uses a solution that will not be supported in version 7.0. 
WARN You must use angular builder to have an explicit configuration on the project used in angular.json
WARN Read more at:
WARN - https://github.com/storybookjs/storybook/blob/next/MIGRATION.md#sb-angular-builder)
WARN - https://github.com/storybookjs/storybook/blob/next/MIGRATION.md#angular13)
info => Using angular project "sbsastorybook:build" for configuring Storybook
info => Using default Webpack5 setup
<s> [webpack.Progress] 0% 

<s> [webpack.Progress] 1% setup before run
<s> [webpack.Progress] 1% setup before run NodeEnvironmentPlugin
<s> [webpack.Progress] 1% setup before run
<s> [webpack.Progress] 2% setup run
<s> [webpack.Progress] 2% setup run
<s> [webpack.Progress] 4% setup normal module factory
<s> [webpack.Progress] 4% setup normal module factory CaseSensitivePathsPlugin
<s> [webpack.Progress] 4% setup normal module factory
<s> [webpack.Progress] 5% setup context module factory
<s> [webpack.Progress] 5% setup context module factory
<s> [webpack.Progress] 6% setup before compile
<s> [webpack.Progress] 6% setup before compile angular-compiler
<s> [webpack.Progress] 6% setup before compile ProgressPlugin
<s> [webpack.Progress] 6% setup before compile
<s> [webpack.Progress] 7% setup compile
<s> [webpack.Progress] 7% setup compile ExternalsPlugin
<s> [webpack.Progress] 7% setup compile
<s> [webpack.Progress] 8% setup compilation
<s> [webpack.Progress] 8% setup compilation CopyPlugin
<s> [webpack.Progress] 8% setup compilation angular-compiler
<s> [webpack.Progress] 8% setup compilation mini-css-extract-plugin
<s> [webpack.Progress] 8% setup compilation ArrayPushCallbackChunkFormatPlugin
<s> [webpack.Progress] 8% setup compilation JsonpChunkLoadingPlugin
<s> [webpack.Progress] 8% setup compilation StartupChunkDependenciesPlugin
<s> [webpack.Progress] 8% setup compilation ImportScriptsChunkLoadingPlugin
<s> [webpack.Progress] 8% setup compilation FetchCompileWasmPlugin
<s> [webpack.Progress] 8% setup compilation FetchCompileAsyncWasmPlugin
<s> [webpack.Progress] 8% setup compilation WorkerPlugin
<s> [webpack.Progress] 8% setup compilation SplitChunksPlugin
<s> [webpack.Progress] 8% setup compilation RuntimeChunkPlugin
<s> [webpack.Progress] 8% setup compilation ResolverCachePlugin
<s> [webpack.Progress] 8% setup compilation HtmlWebpackPlugin
<s> [webpack.Progress] 8% setup compilation
<s> [webpack.Progress] 9% setup compilation
<s> [webpack.Progress] 9% setup compilation named-chunks-plugin
<s> [webpack.Progress] 9% setup compilation DedupeModuleResolvePlugin
<s> [webpack.Progress] 9% setup compilation AnyComponentStyleBudgetChecker
<s> [webpack.Progress] 9% setup compilation mini-css-extract-plugin
<s> [webpack.Progress] 9% setup compilation SuppressExtractedTextChunks
<s> [webpack.Progress] 9% setup compilation DefinePlugin
<s> [webpack.Progress] 9% setup compilation ProvidePlugin
<s> [webpack.Progress] 9% setup compilation ProgressPlugin
<s> [webpack.Progress] 9% setup compilation ChunkPrefetchPreloadPlugin
<s> [webpack.Progress] 9% setup compilation SourceMapDevToolPlugin
<s> [webpack.Progress] 9% setup compilation JavascriptModulesPlugin
<s> [webpack.Progress] 9% setup compilation JsonModulesPlugin
<s> [webpack.Progress] 9% setup compilation AssetModulesPlugin
<s> [webpack.Progress] 9% setup compilation EntryPlugin
<s> [webpack.Progress] 9% setup compilation EntryPlugin
<s> [webpack.Progress] 9% setup compilation EntryPlugin
<s> [webpack.Progress] 9% setup compilation EntryPlugin
<s> [webpack.Progress] 9% setup compilation EntryPlugin
<s> [webpack.Progress] 9% setup compilation EntryPlugin
<s> [webpack.Progress] 9% setup compilation EntryPlugin
<s> [webpack.Progress] 9% setup compilation EntryPlugin
<s> [webpack.Progress] 9% setup compilation EntryPlugin
<s> [webpack.Progress] 9% setup compilation EntryPlugin
<s> [webpack.Progress] 9% setup compilation EntryPlugin
<s> [webpack.Progress] 9% setup compilation EntryPlugin
<s> [webpack.Progress] 9% setup compilation EntryPlugin
<s> [webpack.Progress] 9% setup compilation EntryPlugin
<s> [webpack.Progress] 9% setup compilation EntryPlugin
<s> [webpack.Progress] 9% setup compilation EntryPlugin
<s> [webpack.Progress] 9% setup compilation EntryPlugin
<s> [webpack.Progress] 9% setup compilation EntryPlugin
<s> [webpack.Progress] 9% setup compilation EntryPlugin
<s> [webpack.Progress] 9% setup compilation RuntimePlugin
<s> [webpack.Progress] 9% setup compilation InferAsyncModulesPlugin
<s> [webpack.Progress] 9% setup compilation DataUriPlugin
<s> [webpack.Progress] 9% setup compilation FileUriPlugin
<s> [webpack.Progress] 9% setup compilation CompatibilityPlugin
<s> [webpack.Progress] 9% setup compilation HarmonyModulesPlugin
<s> [webpack.Progress] 9% setup compilation AMDPlugin
<s> [webpack.Progress] 9% setup compilation RequireJsStuffPlugin
<s> [webpack.Progress] 9% setup compilation CommonJsPlugin
<s> [webpack.Progress] 9% setup compilation LoaderPlugin
<s> [webpack.Progress] 9% setup compilation LoaderPlugin
<s> [webpack.Progress] 9% setup compilation NodeStuffPlugin
<s> [webpack.Progress] 9% setup compilation APIPlugin
<s> [webpack.Progress] 9% setup compilation ExportsInfoApiPlugin
<s> [webpack.Progress] 9% setup compilation WebpackIsIncludedPlugin
<s> [webpack.Progress] 9% setup compilation ConstPlugin
<s> [webpack.Progress] 9% setup compilation UseStrictPlugin
<s> [webpack.Progress] 9% setup compilation RequireIncludePlugin
<s> [webpack.Progress] 9% setup compilation RequireEnsurePlugin
<s> [webpack.Progress] 9% setup compilation RequireContextPlugin
<s> [webpack.Progress] 9% setup compilation ImportPlugin
<s> [webpack.Progress] 9% setup compilation RequireContextPlugin
<s> [webpack.Progress] 9% setup compilation SystemPlugin
<s> [webpack.Progress] 9% setup compilation ImportMetaPlugin
<s> [webpack.Progress] 9% setup compilation URLPlugin
<s> [webpack.Progress] 9% setup compilation DefaultStatsFactoryPlugin
<s> [webpack.Progress] 9% setup compilation DefaultStatsPresetPlugin
<s> [webpack.Progress] 9% setup compilation DefaultStatsPrinterPlugin
<s> [webpack.Progress] 9% setup compilation JavascriptMetaInfoPlugin
<s> [webpack.Progress] 9% setup compilation EnsureChunkConditionsPlugin
<s> [webpack.Progress] 9% setup compilation RemoveEmptyChunksPlugin
<s> [webpack.Progress] 9% setup compilation MergeDuplicateChunksPlugin
<s> [webpack.Progress] 9% setup compilation FlagIncludedChunksPlugin
<s> [webpack.Progress] 9% setup compilation SideEffectsFlagPlugin
<s> [webpack.Progress] 9% setup compilation FlagDependencyExportsPlugin
<s> [webpack.Progress] 9% setup compilation FlagDependencyUsagePlugin
<s> [webpack.Progress] 9% setup compilation InnerGraphPlugin
<s> [webpack.Progress] 9% setup compilation MangleExportsPlugin
<s> [webpack.Progress] 9% setup compilation ModuleConcatenationPlugin
<s> [webpack.Progress] 9% setup compilation NoEmitOnErrorsPlugin
<s> [webpack.Progress] 9% setup compilation RealContentHashPlugin
<s> [webpack.Progress] 9% setup compilation WasmFinalizeExportsPlugin
<s> [webpack.Progress] 9% setup compilation NamedModuleIdsPlugin
<s> [webpack.Progress] 9% setup compilation DeterministicChunkIdsPlugin
<s> [webpack.Progress] 9% setup compilation DefinePlugin
<s> [webpack.Progress] 9% setup compilation TerserPlugin
<s> [webpack.Progress] 9% setup compilation TemplatedPathPlugin
<s> [webpack.Progress] 9% setup compilation RecordIdsPlugin
<s> [webpack.Progress] 9% setup compilation WarnCaseSensitiveModulesPlugin
<s> [webpack.Progress] 9% setup compilation IgnoreWarningsPlugin
<s> [webpack.Progress] 9% setup compilation
<s> [webpack.Progress] 10% building
<s> [webpack.Progress] 10% building 0/1 entries 0/0 dependencies 0/0 modules
<s> [webpack.Progress] 10% building import loader ./node_modules/mini-css-extract-plugin/dist/loader.js
<s> [webpack.Progress] 10% building import loader ./node_modules/css-loader/dist/cjs.js
<s> [webpack.Progress] 10% building import loader ./node_modules/postcss-loader/dist/cjs.js
<s> [webpack.Progress] 10% building 0/19 entries 2/19 dependencies 0/2 modules
<s> [webpack.Progress] 10% building import loader ./node_modules/@angular-devkit/build-angular/src/babel/webpack-loader.js
<s> [webpack.Progress] 10% building import loader ./node_modules/babel-loader/lib/index.js
<s> [webpack.Progress] 10% building 0/19 entries 6/29 dependencies 0/6 modules
<s> [webpack.Progress] 10% building import loader ./node_modules/@ngtools/webpack/src/ivy/index.js
<s> [webpack.Progress] 10% building 0/19 entries 7/29 dependencies 0/7 modules
<s> [webpack.Progress] 12% building 1/19 entries 81/112 dependencies 5/52 modules
<s> [webpack.Progress] 12% building 1/19 entries 269/362 dependencies 17/146 modules
<s> [webpack.Progress] 15% building 2/19 entries 269/362 dependencies 18/146 modules
<s> [webpack.Progress] 15% building import loader ./node_modules/@mdx-js/loader/index.js
<s> [webpack.Progress] 15% building 2/19 entries 412/493 dependencies 30/168 modules
<s> [webpack.Progress] 15% building import loader ./node_modules/@storybook/source-loader/dist/cjs/index.js
<s> [webpack.Progress] 15% building 2/19 entries 437/493 dependencies 35/182 modules
<s> [webpack.Progress] 15% building 2/19 entries 600/932 dependencies 46/216 modules
<s> [webpack.Progress] 18% building 3/19 entries 960/1148 dependencies 72/326 modules
[BABEL] Note: The code generator has deoptimised the styling of C:\Users\tmfene\Desktop\Storybook\sbsastorybook\node_modules\prettier\standalone.js as it exceeds the max of 500KB.
<s> [webpack.Progress] 18% building 3/19 entries 1185/1300 dependencies 128/367 modules
<s> [webpack.Progress] 18% building 3/19 entries 1200/1301 dependencies 128/368 modules
<s> [webpack.Progress] 18% building 3/19 entries 1400/1554 dependencies 161/378 modules
<s> [webpack.Progress] 21% building 4/19 entries 1617/1756 dependencies 249/399 modules
<s> [webpack.Progress] 21% building 4/19 entries 1938/2300 dependencies 283/463 modules
<s> [webpack.Progress] 21% building 4/19 entries 1965/2400 dependencies 283/490 modules
<s> [webpack.Progress] 21% building 4/19 entries 2600/2844 dependencies 331/694 modules
<s> [webpack.Progress] 21% building 4/19 entries 3219/3300 dependencies 365/766 modules
<s> [webpack.Progress] 21% building 4/19 entries 3400/3652 dependencies 388/809 modules
<s> [webpack.Progress] 21% building 4/19 entries 3800/3904 dependencies 407/980 modules
<s> [webpack.Progress] 21% building 4/19 entries 4100/4346 dependencies 499/1058 modules
<s> [webpack.Progress] 21% building 4/19 entries 4342/4400 dependencies 533/1086 modules
<s> [webpack.Progress] 21% building 4/19 entries 4900/4964 dependencies 610/1149 modules
<s> [webpack.Progress] 21% building 4/19 entries 5298/5380 dependencies 800/1241 modules
<s> [webpack.Progress] 21% building 4/19 entries 5652/5900 dependencies 922/1386 modules
<s> [webpack.Progress] 22% building 4/19 entries 6200/6240 dependencies 1141/1539 modules
<s> [webpack.Progress] 25% building 4/19 entries 6800/6823 dependencies 1431/1758 modules
<s> [webpack.Progress] 27% building 5/19 entries 6966/7002 dependencies 1622/1805 modules
<s> [webpack.Progress] 27% building 6/19 entries 6966/7002 dependencies 1623/1805 modules
<s> [webpack.Progress] 30% building 7/19 entries 6966/7002 dependencies 1624/1805 modules
<s> [webpack.Progress] 33% building 8/19 entries 6966/7002 dependencies 1625/1805 modules
<s> [webpack.Progress] 36% building 9/19 entries 6966/7002 dependencies 1626/1805 modules
<s> [webpack.Progress] 38% building 10/19 entries 6966/7002 dependencies 1627/1805 modules
<s> [webpack.Progress] 41% building 11/19 entries 6966/7002 dependencies 1628/1805 modules
<s> [webpack.Progress] 44% building 12/19 entries 6966/7002 dependencies 1629/1805 modules
<s> [webpack.Progress] 47% building 13/19 entries 6966/7002 dependencies 1630/1805 modules
<s> [webpack.Progress] 50% building 14/19 entries 6966/7002 dependencies 1631/1805 modules
<s> [webpack.Progress] 53% building 15/19 entries 6966/7002 dependencies 1632/1805 modules
<s> [webpack.Progress] 53% building 15/19 entries 7081/7100 dependencies 1675/1834 modules
<s> [webpack.Progress] 53% building 15/19 entries 7146/7200 dependencies 1703/1838 modules
<s> [webpack.Progress] 53% building 15/19 entries 7277/7300 dependencies 1750/1874 modules
<s> [webpack.Progress] 56% building 16/19 entries 7627/7638 dependencies 1911/1941 modules
<s> [webpack.Progress] 59% building 17/19 entries 7657/7657 dependencies 1937/1954 modules
<s> [webpack.Progress] 62% building 18/19 entries 7657/7657 dependencies 1953/1954 modules
<s> [webpack.Progress] 65% building 19/19 entries 7657/7657 dependencies 1954/1954 modules
<s> [webpack.Progress] 65% building
<s> [webpack.Progress] 69% building finish
<s> [webpack.Progress] 69% building finish
<s> [webpack.Progress] 70% sealing finish module graph
<s> [webpack.Progress] 70% sealing finish module graph angular-compiler
<s> [webpack.Progress] 70% sealing finish module graph ResolverCachePlugin
<s> [webpack.Progress] 70% sealing finish module graph InferAsyncModulesPlugin
<s> [webpack.Progress] 70% sealing finish module graph FlagDependencyExportsPlugin
<s> [webpack.Progress] 70% sealing finish module graph InnerGraphPlugin
<s> [webpack.Progress] 70% sealing finish module graph WasmFinalizeExportsPlugin
<s> [webpack.Progress] 70% sealing finish module graph
<s> [webpack.Progress] 70% sealing plugins
<s> [webpack.Progress] 70% sealing plugins WarnCaseSensitiveModulesPlugin
<s> [webpack.Progress] 70% sealing plugins
<s> [webpack.Progress] 71% sealing dependencies optimization
<s> [webpack.Progress] 71% sealing dependencies optimization SideEffectsFlagPlugin
<s> [webpack.Progress] 71% sealing dependencies optimization FlagDependencyUsagePlugin
<s> [webpack.Progress] 71% sealing dependencies optimization
<s> [webpack.Progress] 71% sealing after dependencies optimization
<s> [webpack.Progress] 71% sealing after dependencies optimization
<s> [webpack.Progress] 72% sealing chunk graph
<s> [webpack.Progress] 72% sealing chunk graph
<s> [webpack.Progress] 73% sealing after chunk graph
<s> [webpack.Progress] 73% sealing after chunk graph
<s> [webpack.Progress] 73% sealing optimizing
<s> [webpack.Progress] 73% sealing optimizing
<s> [webpack.Progress] 74% sealing module optimization
<s> [webpack.Progress] 74% sealing module optimization
<s> [webpack.Progress] 75% sealing after module optimization
<s> [webpack.Progress] 75% sealing after module optimization
<s> [webpack.Progress] 75% sealing chunk optimization
<s> [webpack.Progress] 75% sealing chunk optimization EnsureChunkConditionsPlugin
<s> [webpack.Progress] 75% sealing chunk optimization RemoveEmptyChunksPlugin
<s> [webpack.Progress] 75% sealing chunk optimization MergeDuplicateChunksPlugin
<s> [webpack.Progress] 75% sealing chunk optimization SplitChunksPlugin
<s> [webpack.Progress] 75% sealing chunk optimization RemoveEmptyChunksPlugin
<s> [webpack.Progress] 75% sealing chunk optimization
<s> [webpack.Progress] 76% sealing after chunk optimization
<s> [webpack.Progress] 76% sealing after chunk optimization
<s> [webpack.Progress] 77% sealing module and chunk tree optimization
<s> [webpack.Progress] 77% sealing module and chunk tree optimization PersistentChildCompilerSingletonPlugin
<s> [webpack.Progress] 77% sealing module and chunk tree optimization
<s> [webpack.Progress] 77% sealing after module and chunk tree optimization
<s> [webpack.Progress] 77% sealing after module and chunk tree optimization
<s> [webpack.Progress] 78% sealing chunk modules optimization
<s> [webpack.Progress] 78% sealing chunk modules optimization ModuleConcatenationPlugin
<s> [webpack.Progress] 78% sealing chunk modules optimization
<s> [webpack.Progress] 78% sealing after chunk modules optimization
<s> [webpack.Progress] 78% sealing after chunk modules optimization
<s> [webpack.Progress] 79% sealing module reviving
<s> [webpack.Progress] 79% sealing module reviving RecordIdsPlugin
<s> [webpack.Progress] 79% sealing module reviving
<s> [webpack.Progress] 80% sealing before module ids
<s> [webpack.Progress] 80% sealing before module ids
<s> [webpack.Progress] 80% sealing module ids
<s> [webpack.Progress] 80% sealing module ids NamedModuleIdsPlugin
<s> [webpack.Progress] 80% sealing module ids
<s> [webpack.Progress] 81% sealing module id optimization
<s> [webpack.Progress] 81% sealing module id optimization
<s> [webpack.Progress] 82% sealing module id optimization
<s> [webpack.Progress] 82% sealing module id optimization
<s> [webpack.Progress] 82% sealing chunk reviving
<s> [webpack.Progress] 82% sealing chunk reviving RecordIdsPlugin
<s> [webpack.Progress] 82% sealing chunk reviving
<s> [webpack.Progress] 83% sealing before chunk ids
<s> [webpack.Progress] 83% sealing before chunk ids
<s> [webpack.Progress] 84% sealing chunk ids
<s> [webpack.Progress] 84% sealing chunk ids DeterministicChunkIdsPlugin
<s> [webpack.Progress] 84% sealing chunk ids
<s> [webpack.Progress] 84% sealing chunk id optimization
<s> [webpack.Progress] 84% sealing chunk id optimization FlagIncludedChunksPlugin
<s> [webpack.Progress] 84% sealing chunk id optimization
<s> [webpack.Progress] 85% sealing after chunk id optimization
<s> [webpack.Progress] 85% sealing after chunk id optimization
<s> [webpack.Progress] 86% sealing record modules
<s> [webpack.Progress] 86% sealing record modules RecordIdsPlugin
<s> [webpack.Progress] 86% sealing record modules
<s> [webpack.Progress] 86% sealing record chunks
<s> [webpack.Progress] 86% sealing record chunks RecordIdsPlugin
<s> [webpack.Progress] 86% sealing record chunks
<s> [webpack.Progress] 87% sealing module hashing
<s> [webpack.Progress] 87% sealing module hashing
<s> [webpack.Progress] 87% sealing code generation
<s> [webpack.Progress] 87% sealing code generation
<s> [webpack.Progress] 88% sealing runtime requirements
<s> [webpack.Progress] 88% sealing runtime requirements
<s> [webpack.Progress] 89% sealing hashing
<s> [webpack.Progress] 89% sealing hashing
<s> [webpack.Progress] 89% sealing after hashing
<s> [webpack.Progress] 89% sealing after hashing
<s> [webpack.Progress] 90% sealing record hash
<s> [webpack.Progress] 90% sealing record hash
<s> [webpack.Progress] 91% sealing module assets processing
<s> [webpack.Progress] 91% sealing module assets processing
<s> [webpack.Progress] 91% sealing chunk assets processing
<s> [webpack.Progress] 91% sealing chunk assets processing
<s> [webpack.Progress] 92% sealing asset processing
<s> [webpack.Progress] 92% sealing asset processing copy-webpack-plugin
<s> [webpack.Progress] 92% sealing asset processing PersistentChildCompilerSingletonPlugin
<s> [webpack.Progress] 92% sealing asset processing TerserPlugin
info => Manager built (46 s)
<s> [webpack.Progress] 92% sealing asset processing SourceMapDevToolPlugin
<s> [webpack.Progress] 92% sealing asset processing SourceMapDevToolPlugin
<s> [webpack.Progress] 92% sealing asset processing SourceMapDevToolPlugin main.css generate SourceMap
<s> [webpack.Progress] 92% sealing asset processing SourceMapDevToolPlugin main.css generated SourceMap
<s> [webpack.Progress] 92% sealing asset processing SourceMapDevToolPlugin main.611ad079.iframe.bundle.js generate SourceMap
<s> [webpack.Progress] 92% sealing asset processing SourceMapDevToolPlugin main.611ad079.iframe.bundle.js generated SourceMap
<s> [webpack.Progress] 92% sealing asset processing SourceMapDevToolPlugin runtime~main.ad84d3f0.iframe.bundle.js generate SourceMap
<s> [webpack.Progress] 92% sealing asset processing SourceMapDevToolPlugin runtime~main.ad84d3f0.iframe.bundle.js generated SourceMap
<s> [webpack.Progress] 92% sealing asset processing SourceMapDevToolPlugin 747.d945bcbb.iframe.bundle.js generate SourceMap
<s> [webpack.Progress] 92% sealing asset processing SourceMapDevToolPlugin 747.d945bcbb.iframe.bundle.js generated SourceMap
<s> [webpack.Progress] 92% sealing asset processing SourceMapDevToolPlugin 895.5fcfb210.iframe.bundle.js generate SourceMap
<s> [webpack.Progress] 92% sealing asset processing SourceMapDevToolPlugin 895.5fcfb210.iframe.bundle.js generated SourceMap
<s> [webpack.Progress] 92% sealing asset processing SourceMapDevToolPlugin 459.ade4086b.iframe.bundle.js generate SourceMap
<s> [webpack.Progress] 92% sealing asset processing SourceMapDevToolPlugin 459.ade4086b.iframe.bundle.js generated SourceMap
<s> [webpack.Progress] 92% sealing asset processing SourceMapDevToolPlugin 551.6fcd5d70.iframe.bundle.js generate SourceMap
<s> [webpack.Progress] 92% sealing asset processing SourceMapDevToolPlugin 551.6fcd5d70.iframe.bundle.js generated SourceMap
<s> [webpack.Progress] 92% sealing asset processing SourceMapDevToolPlugin 299.74b4adfb.iframe.bundle.js generate SourceMap
<s> [webpack.Progress] 92% sealing asset processing SourceMapDevToolPlugin 299.74b4adfb.iframe.bundle.js generated SourceMap
<s> [webpack.Progress] 92% sealing asset processing SourceMapDevToolPlugin 273.382e41cf.iframe.bundle.js generate SourceMap
<s> [webpack.Progress] 92% sealing asset processing SourceMapDevToolPlugin 273.382e41cf.iframe.bundle.js generated SourceMap
<s> [webpack.Progress] 92% sealing asset processing SourceMapDevToolPlugin 722.3c23fa96.iframe.bundle.js generate SourceMap
<s> [webpack.Progress] 92% sealing asset processing SourceMapDevToolPlugin 722.3c23fa96.iframe.bundle.js generated SourceMap
<s> [webpack.Progress] 92% sealing asset processing SourceMapDevToolPlugin 899.26971d09.iframe.bundle.js generate SourceMap
<s> [webpack.Progress] 92% sealing asset processing SourceMapDevToolPlugin 899.26971d09.iframe.bundle.js generated SourceMap
<s> [webpack.Progress] 92% sealing asset processing SourceMapDevToolPlugin 291.ec59b1ba.iframe.bundle.js generate SourceMap
<s> [webpack.Progress] 92% sealing asset processing SourceMapDevToolPlugin 291.ec59b1ba.iframe.bundle.js generated SourceMap
<s> [webpack.Progress] 92% sealing asset processing SourceMapDevToolPlugin 376.90801ff4.iframe.bundle.js generate SourceMap
<s> [webpack.Progress] 92% sealing asset processing SourceMapDevToolPlugin 376.90801ff4.iframe.bundle.js generated SourceMap
<s> [webpack.Progress] 92% sealing asset processing SourceMapDevToolPlugin resolve sources
<s> [webpack.Progress] 92% sealing asset processing SourceMapDevToolPlugin
<s> [webpack.Progress] 92% sealing asset processing HtmlWebpackPlugin
<s> [webpack.Progress] 92% sealing asset processing HtmlWebpackPlugin
<s> [webpack.Progress] 92% sealing asset processing HtmlWebpackPlugin resolve sources
<s> [webpack.Progress] 92% sealing asset processing HtmlWebpackPlugin
<s> [webpack.Progress] 92% sealing asset processing RealContentHashPlugin
<s> [webpack.Progress] 92% sealing asset processing RealContentHashPlugin
<s> [webpack.Progress] 92% sealing asset processing RealContentHashPlugin main.d50d2a3b.iframe.bundle.js generate SourceMap
<s> [webpack.Progress] 92% sealing asset processing RealContentHashPlugin main.d50d2a3b.iframe.bundle.js generated SourceMap
<s> [webpack.Progress] 92% sealing asset processing RealContentHashPlugin runtime~main.b997522d.iframe.bundle.js generate SourceMap
<s> [webpack.Progress] 92% sealing asset processing RealContentHashPlugin runtime~main.b997522d.iframe.bundle.js generated SourceMap
<s> [webpack.Progress] 92% sealing asset processing RealContentHashPlugin 747.3413e233.iframe.bundle.js generate SourceMap
<s> [webpack.Progress] 92% sealing asset processing RealContentHashPlugin 747.3413e233.iframe.bundle.js generated SourceMap
<s> [webpack.Progress] 92% sealing asset processing RealContentHashPlugin 299.549c26a7.iframe.bundle.js generate SourceMap
<s> [webpack.Progress] 92% sealing asset processing RealContentHashPlugin 299.549c26a7.iframe.bundle.js generated SourceMap
<s> [webpack.Progress] 92% sealing asset processing RealContentHashPlugin 273.920170ae.iframe.bundle.js generate SourceMap
<s> [webpack.Progress] 92% sealing asset processing RealContentHashPlugin 273.920170ae.iframe.bundle.js generated SourceMap
<s> [webpack.Progress] 92% sealing asset processing RealContentHashPlugin 722.9dab8105.iframe.bundle.js generate SourceMap
<s> [webpack.Progress] 92% sealing asset processing RealContentHashPlugin 722.9dab8105.iframe.bundle.js generated SourceMap
<s> [webpack.Progress] 92% sealing asset processing RealContentHashPlugin 895.b4dc6d08.iframe.bundle.js generate SourceMap
<s> [webpack.Progress] 92% sealing asset processing RealContentHashPlugin 895.b4dc6d08.iframe.bundle.js generated SourceMap
<s> [webpack.Progress] 92% sealing asset processing RealContentHashPlugin 459.dee1e7e7.iframe.bundle.js generate SourceMap
<s> [webpack.Progress] 92% sealing asset processing RealContentHashPlugin 459.dee1e7e7.iframe.bundle.js generated SourceMap
<s> [webpack.Progress] 92% sealing asset processing RealContentHashPlugin 551.a658f1bf.iframe.bundle.js generate SourceMap
<s> [webpack.Progress] 92% sealing asset processing RealContentHashPlugin 551.a658f1bf.iframe.bundle.js generated SourceMap
<s> [webpack.Progress] 92% sealing asset processing RealContentHashPlugin 899.e9e9b477.iframe.bundle.js generate SourceMap
<s> [webpack.Progress] 92% sealing asset processing RealContentHashPlugin 899.e9e9b477.iframe.bundle.js generated SourceMap
<s> [webpack.Progress] 92% sealing asset processing RealContentHashPlugin 291.5861dec8.iframe.bundle.js generate SourceMap
<s> [webpack.Progress] 92% sealing asset processing RealContentHashPlugin 291.5861dec8.iframe.bundle.js generated SourceMap
<s> [webpack.Progress] 92% sealing asset processing RealContentHashPlugin 376.35d877ff.iframe.bundle.js generate SourceMap
<s> [webpack.Progress] 92% sealing asset processing RealContentHashPlugin 376.35d877ff.iframe.bundle.js generated SourceMap
<s> [webpack.Progress] 92% sealing asset processing RealContentHashPlugin resolve sources
<s> [webpack.Progress] 92% sealing asset processing RealContentHashPlugin
<s> [webpack.Progress] 92% sealing asset processing AnyComponentStyleBudgetChecker
<s> [webpack.Progress] 92% sealing asset processing
<s> [webpack.Progress] 93% sealing after asset optimization
<s> [webpack.Progress] 93% sealing after asset optimization
<s> [webpack.Progress] 93% sealing recording
<s> [webpack.Progress] 93% sealing recording
<s> [webpack.Progress] 94% sealing after seal
<s> [webpack.Progress] 94% sealing after seal
<s> [webpack.Progress] 95% emitting emit
<s> [webpack.Progress] 95% emitting emit
<s> [webpack.Progress] 98% emitting after emit
<s> [webpack.Progress] 98% emitting after emit SizeLimitsPlugin
<s> [webpack.Progress] 98% emitting after emit
<s> [webpack.Progress] 99% done plugins
<s> [webpack.Progress] 99% done plugins CaseSensitivePathsPlugin
<s> [webpack.Progress] 99% done plugins
<s> [webpack.Progress] 99% 

<s> [webpack.Progress] 99% cache store build dependencies
<s> [webpack.Progress] 99% cache store build dependencies
<s> [webpack.Progress] 99% cache begin idle
<s> [webpack.Progress] 99% cache begin idle
<s> [webpack.Progress] 100% 

info => Preview built (55 s)
WARN C:/Users/tmfene/Desktop/Storybook/sbsastorybook/src/app/app.component.ts is part of the TypeScript compilation but it's unused.
WARN Add only entry points to the 'files' or 'include' properties in your tsconfig.
WARN C:/Users/tmfene/Desktop/Storybook/sbsastorybook/src/app/app.module.ts is part of the TypeScript compilation but it's unused.
WARN Add only entry points to the 'files' or 'include' properties in your tsconfig.
WARN C:/Users/tmfene/Desktop/Storybook/sbsastorybook/src/environments/environment.prod.ts is part of the TypeScript compilation but it's unused.
WARN Add only entry points to the 'files' or 'include' properties in your tsconfig.
WARN C:/Users/tmfene/Desktop/Storybook/sbsastorybook/src/environments/environment.ts is part of the TypeScript compilation but it's unused.
WARN Add only entry points to the 'files' or 'include' properties in your tsconfig.
WARN C:/Users/tmfene/Desktop/Storybook/sbsastorybook/src/main.ts is part of the TypeScript compilation but it's unused.
WARN Add only entry points to the 'files' or 'include' properties in your tsconfig.
WARN asset size limit: The following asset(s) exceed the recommended size limit (244 KiB).
WARN This can impact web performance.
WARN Assets: 
WARN   459.dee1e7e7.iframe.bundle.js (587 KiB)
WARN   376.35d877ff.iframe.bundle.js (3.64 MiB)
WARN entrypoint size limit: The following entrypoint(s) combined asset size exceeds the recommended limit (244 KiB). This can impact web performance.
WARN Entrypoints:
WARN   main (3.73 MiB)
WARN       runtime~main.b997522d.iframe.bundle.js
WARN       376.35d877ff.iframe.bundle.js
WARN       main.css
WARN       main.d50d2a3b.iframe.bundle.js
WARN 
<s> [webpack.Progress] 99% cache shutdown
<s> [webpack.Progress] 99% cache shutdown
<s> [webpack.Progress] 100% 

info => Output directory: C:\\Users\\tmfene\\AppData\\Local\\Temp\\chromatic--17812-374mcHLZ5nF8
